{
  "stats": {
    "suites": 1,
    "tests": 1,
    "passes": 1,
    "pending": 0,
    "failures": 0,
    "start": "2023-10-03T19:51:29.577Z",
    "end": "2023-10-03T19:51:46.187Z",
    "duration": 16610,
    "testsRegistered": 1,
    "passPercent": 100,
    "pendingPercent": 0,
    "other": 0,
    "hasOther": false,
    "skipped": 0,
    "hasSkipped": false
  },
  "results": [
    {
      "uuid": "63d23624-9332-4650-8b29-fe9fca14b4a0",
      "title": "",
      "fullFile": "cypress\\e2e\\home.cy.js",
      "file": "cypress\\e2e\\home.cy.js",
      "beforeHooks": [],
      "afterHooks": [],
      "tests": [],
      "suites": [
        {
          "uuid": "136c3c44-46aa-435f-bf13-68df8a9080ac",
          "title": "Fluxo Completo Tim Retencao",
          "fullFile": "",
          "file": "",
          "beforeHooks": [],
          "afterHooks": [],
          "tests": [
            {
              "title": "Deve clicar no botão \"Contratar Agora\", preencher o campo CPF, clicar no checkbox e realizar o pedido para cada lead",
              "fullTitle": "Fluxo Completo Tim Retencao Deve clicar no botão \"Contratar Agora\", preencher o campo CPF, clicar no checkbox e realizar o pedido para cada lead",
              "timedOut": null,
              "duration": 9295,
              "state": "passed",
              "speed": "medium",
              "pass": true,
              "fail": false,
              "pending": false,
              "context": null,
              "code": "// Iterar por cada lead no arquivo JSON\ncy.get('@clientes').each(cliente => {\n  const url = `https://dev.tim-retencao-ecommerce.zoly.me/ofertas?lead_id=${cliente.leadId}&utm_source=Acionamento&utm_medium=SMS&utm_campaign=TESTE_03-10-23`;\n  // Visitar a página com a URL construída\n  cy.visit(url);\n  // Verificar se o elemento \"button[un='Contratar Agora 1']\" está presente na página\n  cy.get('body').then($body => {\n    if ($body.find('button[un=\"Contratar Agora 1\"]').length === 0) {\n      // Descartar este cliente e seguir para o próximo\n      cy.log('Lead descartado: Botão \"Contratar Agora 1\" não encontrado');\n      return;\n    }\n    // Fluxo para completar a jornada de aceite do cliente\n    cy.get('button[un=\"Contratar Agora 1\"]').should('be.visible').click();\n    cy.get('input[name=\"cpf\"]').should('be.visible').type(cliente.digitos);\n    cy.get('input[name=\"cpf\"]').should('have.value', cliente.digitos);\n    cy.get('input[id=\"input_2\"]').should('be.visible').click();\n    cy.get('input[id=\"input_2\"]').should('be.checked');\n    cy.get('button[un=\"Realizar Pedido\"]').should('be.visible').click();\n    // Conclusão da página final após aceite\n    cy.get('b').should('be.visible').then($element => {\n      if ($element.text().includes('Pedido recebido')) {\n        // Pedido recebido\n        cy.log('Pedido recebido');\n      } else if ($element.text().includes('A ativação do seu novo plano já está em andamento')) {\n        // Texto alternativo\n        cy.log('Ativação do novo plano em andamento');\n      }\n    });\n  });\n});",
              "err": {},
              "uuid": "4d5f111c-2b89-48f8-9a00-06a3d3b2182a",
              "parentUUID": "136c3c44-46aa-435f-bf13-68df8a9080ac",
              "isHook": false,
              "skipped": false
            }
          ],
          "suites": [],
          "passes": [
            "4d5f111c-2b89-48f8-9a00-06a3d3b2182a"
          ],
          "failures": [],
          "pending": [],
          "skipped": [],
          "duration": 9295,
          "root": false,
          "rootEmpty": false,
          "_timeout": 2000
        }
      ],
      "passes": [],
      "failures": [],
      "pending": [],
      "skipped": [],
      "duration": 0,
      "root": true,
      "rootEmpty": true,
      "_timeout": 2000
    }
  ],
  "meta": {
    "mocha": {
      "version": "7.0.1"
    },
    "mochawesome": {
      "options": {
        "quiet": false,
        "reportFilename": "mochawesome",
        "saveHtml": false,
        "saveJson": true,
        "consoleReporter": "spec",
        "useInlineDiffs": false,
        "code": true
      },
      "version": "7.1.3"
    },
    "marge": {
      "options": {
        "overwrite": false,
        "html": false,
        "json": true
      },
      "version": "6.2.0"
    }
  }
}