{
  "stats": {
    "suites": 1,
    "tests": 1,
    "passes": 0,
    "pending": 0,
    "failures": 1,
    "start": "2023-10-03T19:45:13.025Z",
    "end": "2023-10-03T19:45:14.913Z",
    "duration": 1888,
    "testsRegistered": 1,
    "passPercent": 0,
    "pendingPercent": 0,
    "other": 0,
    "hasOther": false,
    "skipped": 0,
    "hasSkipped": false
  },
  "results": [
    {
      "uuid": "7012fdab-c1b5-4896-bbe2-14e5f2b77aea",
      "title": "",
      "fullFile": "cypress\\e2e\\home.cy.js",
      "file": "cypress\\e2e\\home.cy.js",
      "beforeHooks": [],
      "afterHooks": [],
      "tests": [],
      "suites": [
        {
          "uuid": "d072ab0f-f6f5-4ad4-a9b0-022bc4d3f174",
          "title": "Fluxo Completo Tim Retencao",
          "fullFile": "",
          "file": "",
          "beforeHooks": [],
          "afterHooks": [],
          "tests": [
            {
              "title": "Deve clicar no botão \"Contratar Agora\", preencher o campo CPF, clicar no checkbox e realizar o pedido para cada lead",
              "fullTitle": "Fluxo Completo Tim Retencao Deve clicar no botão \"Contratar Agora\", preencher o campo CPF, clicar no checkbox e realizar o pedido para cada lead",
              "timedOut": null,
              "duration": 1763,
              "state": "failed",
              "speed": null,
              "pass": false,
              "fail": true,
              "pending": false,
              "context": null,
              "code": "// Iterar por cada lead no arquivo JSON\ncy.get('@clientes').each(cliente => {\n  const url = `https://dev.mkt.tim-retencao-ecommerce.zoly.me/ofertas?lead_id=${cliente.leadId}&utm_source=Acionamento&utm_medium=SMS&utm_campaign=TESTE_03-10-23`;\n  // Visitar a página com a URL construída\n  cy.visit(url);\n  // Verificar se o elemento \"button[un='Contratar Agora 1']\" está presente na página\n  cy.get('body').then($body => {\n    if ($body.find('button[un=\"Contratar Agora 1\"]').length === 0) {\n      // Descartar este cliente e seguir para o próximo\n      cy.log('Lead descartado: Botão \"Contratar Agora 1\" não encontrado');\n      return;\n    }\n    // Fluxo para completar a jornada de aceite do cliente\n    cy.get('button[un=\"Contratar Agora 1\"]').should('be.visible').click();\n    cy.get('input[name=\"cpf\"]').should('be.visible').type(cliente.digitos);\n    cy.get('input[name=\"cpf\"]').should('have.value', cliente.digitos);\n    cy.get('input[id=\"input_2\"]').should('be.visible').click();\n    cy.get('input[id=\"input_2\"]').should('be.checked');\n    cy.get('button[un=\"Realizar Pedido\"]').should('be.visible').click();\n    // Conclusão da página final após aceite\n    cy.get('b').should('be.visible').then($element => {\n      if ($element.text().includes('Pedido recebido')) {\n        // Pedido recebido\n        cy.log('Pedido recebido');\n      } else if ($element.text().includes('A ativação do seu novo plano já está em andamento')) {\n        // Texto alternativo\n        cy.log('Ativação do novo plano em andamento');\n      }\n    });\n  });\n});",
              "err": {
                "message": "CypressError: `cy.visit()` failed trying to load:\n\nhttps://dev.mkt.tim-retencao-ecommerce.zoly.me/ofertas?lead_id=582ac7a6-fa8e-4477-99f6-e31379c2b896&utm_source=Acionamento&utm_medium=SMS&utm_campaign=TESTE_03-10-23\n\nThe response we received from your web server was:\n\n  > 404: Not Found\n\nThis was considered a failure because the status code was not `2xx`.\n\nIf you do not want status codes to cause failures pass the option: `failOnStatusCode: false`",
                "estack": "CypressError: `cy.visit()` failed trying to load:\n\nhttps://dev.mkt.tim-retencao-ecommerce.zoly.me/ofertas?lead_id=582ac7a6-fa8e-4477-99f6-e31379c2b896&utm_source=Acionamento&utm_medium=SMS&utm_campaign=TESTE_03-10-23\n\nThe response we received from your web server was:\n\n  > 404: Not Found\n\nThis was considered a failure because the status code was not `2xx`.\n\nIf you do not want status codes to cause failures pass the option: `failOnStatusCode: false`\n    at <unknown> (http://localhost:56926/__cypress/runner/cypress_runner.js:130296:76)\n    at visitFailedByErr (http://localhost:56926/__cypress/runner/cypress_runner.js:129704:12)\n    at <unknown> (http://localhost:56926/__cypress/runner/cypress_runner.js:130279:13)\n    at tryCatcher (http://localhost:56926/__cypress/runner/cypress_runner.js:1807:23)\n    at Promise._settlePromiseFromHandler (http://localhost:56926/__cypress/runner/cypress_runner.js:1519:31)\n    at Promise._settlePromise (http://localhost:56926/__cypress/runner/cypress_runner.js:1576:18)\n    at Promise._settlePromise0 (http://localhost:56926/__cypress/runner/cypress_runner.js:1621:10)\n    at Promise._settlePromises (http://localhost:56926/__cypress/runner/cypress_runner.js:1697:18)\n    at _drainQueueStep (http://localhost:56926/__cypress/runner/cypress_runner.js:2407:12)\n    at _drainQueue (http://localhost:56926/__cypress/runner/cypress_runner.js:2400:9)\n    at Async._drainQueues (http://localhost:56926/__cypress/runner/cypress_runner.js:2416:5)\n    at Async.drainQueues (http://localhost:56926/__cypress/runner/cypress_runner.js:2286:14)\nFrom Your Spec Code:\n    at Context.eval (webpack://tim-reten/./cypress/e2e/home.cy.js:17:9)",
                "diff": null
              },
              "uuid": "a50f7fd9-1538-42e7-8349-61929484f62f",
              "parentUUID": "d072ab0f-f6f5-4ad4-a9b0-022bc4d3f174",
              "isHook": false,
              "skipped": false
            }
          ],
          "suites": [],
          "passes": [],
          "failures": [
            "a50f7fd9-1538-42e7-8349-61929484f62f"
          ],
          "pending": [],
          "skipped": [],
          "duration": 1763,
          "root": false,
          "rootEmpty": false,
          "_timeout": 2000
        }
      ],
      "passes": [],
      "failures": [],
      "pending": [],
      "skipped": [],
      "duration": 0,
      "root": true,
      "rootEmpty": true,
      "_timeout": 2000
    }
  ],
  "meta": {
    "mocha": {
      "version": "7.0.1"
    },
    "mochawesome": {
      "options": {
        "quiet": false,
        "reportFilename": "mochawesome",
        "saveHtml": false,
        "saveJson": true,
        "consoleReporter": "spec",
        "useInlineDiffs": false,
        "code": true
      },
      "version": "7.1.3"
    },
    "marge": {
      "options": {
        "overwrite": false,
        "html": false,
        "json": true
      },
      "version": "6.2.0"
    }
  }
}